<?xml version="1.0" encoding="UTF-8"?>
<!-- Generated by org.testng.reporters.JUnitReportReporter -->
<testsuite hostname="AJAYKUMAR" failures="0" tests="1" name="com.test.ValidateSimpleFormTest" time="24.010" errors="0" timestamp="19 May 2023 12:08:26 GMT" skipped="0">
  <testcase classname="com.test.ValidateSimpleFormTest" name="checkForMessage" time="24.010"/>
</testsuite> <!-- com.test.ValidateSimpleFormTest -->
