<?xml version="1.0" encoding="UTF-8"?>
<!-- Generated by org.testng.reporters.JUnitReportReporter -->
<testsuite hostname="AJAYKUMAR" failures="0" tests="1" name="com.test.NewTest" time="20.028" errors="0" timestamp="04 May 2023 07:16:54 GMT" skipped="0">
  <testcase classname="com.test.NewTest" name="standalone" time="20.028"/>
</testsuite> <!-- com.test.NewTest -->
