<?xml version="1.0" encoding="UTF-8"?>
<!-- Generated by org.testng.reporters.JUnitReportReporter -->
<testsuite hostname="AJAYKUMAR" failures="0" tests="2" name="com.test.HomeTest" time="0.274" errors="0" timestamp="05 May 2023 09:01:14 GMT" skipped="0">
  <testcase classname="com.test.HomeTest" name="standalone2" time="0.010"/>
  <testcase classname="com.test.HomeTest" name="basicPageTest" time="0.264"/>
</testsuite> <!-- com.test.HomeTest -->
