<?xml version="1.0" encoding="UTF-8"?>
<!-- Generated by org.testng.reporters.JUnitReportReporter -->
<testsuite hostname="AJAYKUMAR" failures="0" tests="1" name="com.test.ValidateCheckBoxTest" time="21.204" errors="0" timestamp="19 May 2023 08:42:40 GMT" skipped="0">
  <testcase classname="com.test.ValidateCheckBoxTest" name="checkForMassage" time="21.204"/>
</testsuite> <!-- com.test.ValidateCheckBoxTest -->
