<?xml version="1.0" encoding="UTF-8"?>
<!-- Generated by org.testng.reporters.JUnitReportReporter -->
<testsuite hostname="AJAYKUMAR" failures="0" tests="1" name="com.test.ValidateSimpleFormTest" time="8.953" errors="0" timestamp="29 May 2023 09:11:22 GMT" skipped="0">
  <testcase classname="com.test.ValidateSimpleFormTest" name="checkForMessage" time="8.953"/>
</testsuite> <!-- com.test.ValidateSimpleFormTest -->
