<?xml version="1.0" encoding="UTF-8"?>
<!-- Generated by org.testng.reporters.JUnitReportReporter -->
<testsuite hostname="AJAYKUMAR" failures="0" tests="1" name="com.test.ValidateCheckBoxTest" time="9.183" errors="0" timestamp="29 May 2023 09:11:22 GMT" skipped="0">
  <testcase classname="com.test.ValidateCheckBoxTest" name="checkBox" time="9.183"/>
</testsuite> <!-- com.test.ValidateCheckBoxTest -->
