<?xml version="1.0" encoding="UTF-8"?>
<!-- Generated by org.testng.reporters.JUnitReportReporter -->
<testsuite hostname="AJAYKUMAR" failures="0" tests="1" name="com.test.BaseTest" time="5.519" errors="0" timestamp="05 May 2023 12:05:34 GMT" skipped="0">
  <testcase classname="com.test.BaseTest" name="basicPageTest" time="5.519"/>
</testsuite> <!-- com.test.BaseTest -->
