<?xml version="1.0" encoding="UTF-8"?>
<!-- Generated by org.testng.reporters.JUnitReportReporter -->
<testsuite hostname="AJAYKUMAR" failures="0" tests="1" name="com.test.ValidateSimpleFormTest" time="13.805" errors="0" timestamp="23 May 2023 09:44:04 GMT" skipped="0">
  <testcase classname="com.test.ValidateSimpleFormTest" name="checkForMessage" time="13.805"/>
</testsuite> <!-- com.test.ValidateSimpleFormTest -->
